2024-11-10 16:33:12,537 - INFO - StockEDA class initialized with DataFrame.
2024-11-10 16:33:34,590 - INFO - Plotting closing price over time.
2024-11-10 16:33:52,225 - INFO - Calculating and plotting daily percentage change.
2024-11-10 16:34:15,435 - INFO - Analyzing volatility with a 20-day rolling window.
2024-11-10 16:34:48,593 - INFO - Detecting outliers based on Z-score.
2024-11-10 16:34:48,601 - INFO - Found 0 outliers.
2024-11-10 16:35:09,192 - INFO - Analyzing extreme returns with a threshold of 0.05.
2024-11-10 16:35:09,201 - INFO - Found 299 days with extreme returns.
2024-11-10 16:36:45,356 - INFO - StockEDA class initialized with DataFrame.
2024-11-10 16:36:45,359 - INFO - Plotting closing price over time.
2024-11-10 16:36:46,271 - INFO - Calculating and plotting daily percentage change.
2024-11-10 16:36:47,165 - INFO - Analyzing volatility with a 20-day rolling window.
2024-11-10 16:36:47,950 - INFO - Detecting outliers based on Z-score.
2024-11-10 16:36:47,955 - INFO - Found 0 outliers.
2024-11-10 16:36:47,957 - INFO - Analyzing extreme returns with a threshold of 0.05.
2024-11-10 16:36:47,964 - INFO - Found 299 days with extreme returns.
2024-11-10 16:38:06,243 - INFO - StockEDA class initialized with DataFrame.
2024-11-10 16:38:06,247 - INFO - Plotting closing price over time.
2024-11-10 16:38:07,024 - INFO - Calculating and plotting daily percentage change.
2024-11-10 16:38:07,643 - INFO - Analyzing volatility with a 20-day rolling window.
2024-11-10 16:38:09,012 - INFO - Detecting outliers based on Z-score.
2024-11-10 16:38:09,021 - INFO - Found 0 outliers.
2024-11-10 16:38:09,025 - INFO - Analyzing extreme returns with a threshold of 0.05.
2024-11-10 16:38:09,030 - INFO - Found 299 days with extreme returns.
2024-11-10 16:39:13,728 - INFO - StockEDA class initialized with DataFrame.
2024-11-10 16:39:13,732 - INFO - Plotting closing price over time.
2024-11-10 16:39:14,510 - INFO - Calculating and plotting daily percentage change.
2024-11-10 16:39:15,416 - INFO - Analyzing volatility with a 20-day rolling window.
2024-11-10 16:39:16,679 - INFO - Detecting outliers based on Z-score.
2024-11-10 16:39:16,734 - INFO - Found 0 outliers.
2024-11-10 16:39:16,737 - INFO - Analyzing extreme returns with a threshold of 0.05.
2024-11-10 16:39:16,751 - INFO - Found 299 days with extreme returns.
2024-11-10 16:47:12,160 - INFO - StockEDA class initialized with DataFrame.
2024-11-10 16:47:12,160 - INFO - StockEDA class initialized with DataFrame.
2024-11-10 16:47:12,163 - INFO - Plotting closing price over time.
2024-11-10 16:47:12,163 - INFO - Plotting closing price over time.
2024-11-10 16:47:12,828 - INFO - Calculating and plotting daily percentage change.
2024-11-10 16:47:12,828 - INFO - Calculating and plotting daily percentage change.
2024-11-10 16:47:13,560 - INFO - Analyzing volatility with a 20-day rolling window.
2024-11-10 16:47:13,560 - INFO - Analyzing volatility with a 20-day rolling window.
2024-11-10 16:47:14,320 - INFO - Detecting outliers based on Z-score.
2024-11-10 16:47:14,320 - INFO - Detecting outliers based on Z-score.
2024-11-10 16:47:14,329 - INFO - Found 0 outliers.
2024-11-10 16:47:14,329 - INFO - Found 0 outliers.
2024-11-10 16:47:14,331 - INFO - Analyzing extreme returns with a threshold of 0.05.
2024-11-10 16:47:14,331 - INFO - Analyzing extreme returns with a threshold of 0.05.
2024-11-10 16:47:14,336 - INFO - Found 299 days with extreme returns.
2024-11-10 16:47:14,336 - INFO - Found 299 days with extreme returns.
2024-11-10 16:48:47,615 - INFO - StockEDA class initialized with DataFrame.
2024-11-10 16:48:47,615 - INFO - StockEDA class initialized with DataFrame.
2024-11-10 16:48:47,620 - INFO - Plotting closing price over time.
2024-11-10 16:48:47,620 - INFO - Plotting closing price over time.
2024-11-10 16:48:48,550 - INFO - Calculating and plotting daily percentage change.
2024-11-10 16:48:48,550 - INFO - Calculating and plotting daily percentage change.
2024-11-10 16:48:49,903 - INFO - Analyzing volatility with a 20-day rolling window.
2024-11-10 16:48:49,903 - INFO - Analyzing volatility with a 20-day rolling window.
2024-11-10 16:48:51,050 - INFO - Detecting outliers based on Z-score.
2024-11-10 16:48:51,050 - INFO - Detecting outliers based on Z-score.
2024-11-10 16:48:51,057 - INFO - Found 0 outliers.
2024-11-10 16:48:51,057 - INFO - Found 0 outliers.
2024-11-10 16:48:51,059 - INFO - Analyzing extreme returns with a threshold of 0.05.
2024-11-10 16:48:51,059 - INFO - Analyzing extreme returns with a threshold of 0.05.
2024-11-10 16:48:51,064 - INFO - Found 13 days with extreme returns.
2024-11-10 16:48:51,064 - INFO - Found 13 days with extreme returns.
