2024-11-10 16:33:12,537 - INFO - StockEDA class initialized with DataFrame.
2024-11-10 16:33:34,590 - INFO - Plotting closing price over time.
2024-11-10 16:33:52,225 - INFO - Calculating and plotting daily percentage change.
2024-11-10 16:34:15,435 - INFO - Analyzing volatility with a 20-day rolling window.
2024-11-10 16:34:48,593 - INFO - Detecting outliers based on Z-score.
2024-11-10 16:34:48,601 - INFO - Found 0 outliers.
2024-11-10 16:35:09,192 - INFO - Analyzing extreme returns with a threshold of 0.05.
2024-11-10 16:35:09,201 - INFO - Found 299 days with extreme returns.
2024-11-10 16:36:45,356 - INFO - StockEDA class initialized with DataFrame.
2024-11-10 16:36:45,359 - INFO - Plotting closing price over time.
2024-11-10 16:36:46,271 - INFO - Calculating and plotting daily percentage change.
2024-11-10 16:36:47,165 - INFO - Analyzing volatility with a 20-day rolling window.
2024-11-10 16:36:47,950 - INFO - Detecting outliers based on Z-score.
2024-11-10 16:36:47,955 - INFO - Found 0 outliers.
2024-11-10 16:36:47,957 - INFO - Analyzing extreme returns with a threshold of 0.05.
2024-11-10 16:36:47,964 - INFO - Found 299 days with extreme returns.
2024-11-10 16:38:06,243 - INFO - StockEDA class initialized with DataFrame.
2024-11-10 16:38:06,247 - INFO - Plotting closing price over time.
2024-11-10 16:38:07,024 - INFO - Calculating and plotting daily percentage change.
2024-11-10 16:38:07,643 - INFO - Analyzing volatility with a 20-day rolling window.
2024-11-10 16:38:09,012 - INFO - Detecting outliers based on Z-score.
2024-11-10 16:38:09,021 - INFO - Found 0 outliers.
2024-11-10 16:38:09,025 - INFO - Analyzing extreme returns with a threshold of 0.05.
2024-11-10 16:38:09,030 - INFO - Found 299 days with extreme returns.
2024-11-10 16:39:13,728 - INFO - StockEDA class initialized with DataFrame.
2024-11-10 16:39:13,732 - INFO - Plotting closing price over time.
2024-11-10 16:39:14,510 - INFO - Calculating and plotting daily percentage change.
2024-11-10 16:39:15,416 - INFO - Analyzing volatility with a 20-day rolling window.
2024-11-10 16:39:16,679 - INFO - Detecting outliers based on Z-score.
2024-11-10 16:39:16,734 - INFO - Found 0 outliers.
2024-11-10 16:39:16,737 - INFO - Analyzing extreme returns with a threshold of 0.05.
2024-11-10 16:39:16,751 - INFO - Found 299 days with extreme returns.
2024-11-10 16:47:12,160 - INFO - StockEDA class initialized with DataFrame.
2024-11-10 16:47:12,160 - INFO - StockEDA class initialized with DataFrame.
2024-11-10 16:47:12,163 - INFO - Plotting closing price over time.
2024-11-10 16:47:12,163 - INFO - Plotting closing price over time.
2024-11-10 16:47:12,828 - INFO - Calculating and plotting daily percentage change.
2024-11-10 16:47:12,828 - INFO - Calculating and plotting daily percentage change.
2024-11-10 16:47:13,560 - INFO - Analyzing volatility with a 20-day rolling window.
2024-11-10 16:47:13,560 - INFO - Analyzing volatility with a 20-day rolling window.
2024-11-10 16:47:14,320 - INFO - Detecting outliers based on Z-score.
2024-11-10 16:47:14,320 - INFO - Detecting outliers based on Z-score.
2024-11-10 16:47:14,329 - INFO - Found 0 outliers.
2024-11-10 16:47:14,329 - INFO - Found 0 outliers.
2024-11-10 16:47:14,331 - INFO - Analyzing extreme returns with a threshold of 0.05.
2024-11-10 16:47:14,331 - INFO - Analyzing extreme returns with a threshold of 0.05.
2024-11-10 16:47:14,336 - INFO - Found 299 days with extreme returns.
2024-11-10 16:47:14,336 - INFO - Found 299 days with extreme returns.
2024-11-10 16:48:47,615 - INFO - StockEDA class initialized with DataFrame.
2024-11-10 16:48:47,615 - INFO - StockEDA class initialized with DataFrame.
2024-11-10 16:48:47,620 - INFO - Plotting closing price over time.
2024-11-10 16:48:47,620 - INFO - Plotting closing price over time.
2024-11-10 16:48:48,550 - INFO - Calculating and plotting daily percentage change.
2024-11-10 16:48:48,550 - INFO - Calculating and plotting daily percentage change.
2024-11-10 16:48:49,903 - INFO - Analyzing volatility with a 20-day rolling window.
2024-11-10 16:48:49,903 - INFO - Analyzing volatility with a 20-day rolling window.
2024-11-10 16:48:51,050 - INFO - Detecting outliers based on Z-score.
2024-11-10 16:48:51,050 - INFO - Detecting outliers based on Z-score.
2024-11-10 16:48:51,057 - INFO - Found 0 outliers.
2024-11-10 16:48:51,057 - INFO - Found 0 outliers.
2024-11-10 16:48:51,059 - INFO - Analyzing extreme returns with a threshold of 0.05.
2024-11-10 16:48:51,059 - INFO - Analyzing extreme returns with a threshold of 0.05.
2024-11-10 16:48:51,064 - INFO - Found 13 days with extreme returns.
2024-11-10 16:48:51,064 - INFO - Found 13 days with extreme returns.
2024-11-10 17:00:18,742 - INFO - TimeSeriesAnalysis class initialized with DataFrame.
2024-11-10 17:00:18,745 - INFO - Decomposing time series into trend, seasonal, and residual components.
2024-11-10 17:04:24,176 - INFO - TimeSeriesAnalysis class initialized with DataFrame.
2024-11-10 17:04:24,181 - INFO - Decomposing time series into trend, seasonal, and residual components.
2024-11-10 17:04:53,035 - INFO - TimeSeriesAnalysis class initialized with DataFrame.
2024-11-10 17:04:53,038 - INFO - Decomposing time series into trend, seasonal, and residual components.
2024-11-10 17:04:55,902 - INFO - Plotting rolling volatility with a 20-day window.
2024-11-10 17:05:57,512 - INFO - TimeSeriesAnalysis class initialized with DataFrame.
2024-11-10 17:05:57,515 - INFO - Decomposing time series into trend, seasonal, and residual components.
2024-11-10 17:05:59,398 - INFO - Plotting rolling volatility with a 20-day window.
2024-11-10 17:06:25,685 - INFO - TimeSeriesAnalysis class initialized with DataFrame.
2024-11-10 17:06:25,688 - INFO - Decomposing time series into trend, seasonal, and residual components.
2024-11-10 17:06:28,194 - INFO - Plotting rolling volatility with a 20-day window.
2024-11-10 17:07:54,299 - INFO - TimeSeriesAnalysis class initialized with DataFrame.
2024-11-10 17:07:54,303 - INFO - Decomposing time series into trend, seasonal, and residual components.
2024-11-10 17:07:57,672 - INFO - Plotting rolling volatility with a 20-day window.
2024-11-10 17:07:58,854 - INFO - TimeSeriesAnalysis class initialized with DataFrame.
2024-11-10 17:07:58,857 - INFO - Decomposing time series into trend, seasonal, and residual components.
2024-11-10 17:08:01,321 - INFO - Plotting rolling volatility with a 20-day window.
2024-11-10 17:08:02,105 - INFO - TimeSeriesAnalysis class initialized with DataFrame.
2024-11-10 17:08:02,107 - INFO - Decomposing time series into trend, seasonal, and residual components.
2024-11-10 17:08:04,829 - INFO - Plotting rolling volatility with a 20-day window.
2024-11-11 06:00:16,031 - INFO - StockEDA class initialized with DataFrame.
2024-11-11 06:00:16,036 - INFO - Plotting closing price over time.
2024-11-11 06:00:16,649 - INFO - Calculating and plotting daily percentage change.
2024-11-11 06:00:17,223 - INFO - Analyzing volatility with a 20-day rolling window.
2024-11-11 06:00:17,876 - INFO - Detecting outliers based on Z-score.
2024-11-11 06:00:17,892 - INFO - Found 0 outliers.
2024-11-11 06:00:17,895 - INFO - Analyzing extreme returns with a threshold of 0.05.
2024-11-11 06:00:17,902 - INFO - Found 299 days with extreme returns.
2024-11-11 06:00:17,963 - INFO - StockEDA class initialized with DataFrame.
2024-11-11 06:00:17,969 - INFO - Plotting closing price over time.
2024-11-11 06:00:18,665 - INFO - Calculating and plotting daily percentage change.
2024-11-11 06:00:19,525 - INFO - Analyzing volatility with a 20-day rolling window.
2024-11-11 06:00:20,705 - INFO - Detecting outliers based on Z-score.
2024-11-11 06:00:20,712 - INFO - Found 0 outliers.
2024-11-11 06:00:20,715 - INFO - Analyzing extreme returns with a threshold of 0.05.
2024-11-11 06:00:20,725 - INFO - Found 13 days with extreme returns.
2024-11-11 06:00:59,751 - INFO - StockEDA class initialized with DataFrame.
2024-11-11 06:00:59,754 - INFO - Plotting closing price over time.
2024-11-11 06:01:00,425 - INFO - Calculating and plotting daily percentage change.
2024-11-11 06:01:00,924 - INFO - Analyzing volatility with a 20-day rolling window.
2024-11-11 06:01:01,998 - INFO - Detecting outliers based on Z-score.
2024-11-11 06:01:02,008 - INFO - Found 0 outliers.
2024-11-11 06:01:02,012 - INFO - Analyzing extreme returns with a threshold of 0.05.
2024-11-11 06:01:02,017 - INFO - Found 1 days with extreme returns.
2024-11-13 15:10:56,210 - INFO - Data split into train and test sets successfully.
2024-11-13 15:12:31,533 - INFO - Data split into train and test sets successfully.
2024-11-13 15:14:27,447 - INFO - Data split into train and test sets successfully.
2024-11-13 15:14:53,662 - INFO - Data split into train and test sets successfully.
2024-11-13 15:18:15,350 - INFO - Data split into train and test sets successfully.
2024-11-13 15:21:44,125 - INFO - Data split into train and test sets successfully.
2024-11-13 15:45:25,931 - INFO - Data split into train and test sets successfully.
2024-11-13 15:45:25,935 - INFO - Data split into train and test sets successfully.
2024-11-13 15:46:01,576 - INFO - Data split into train and test sets successfully.
2024-11-13 15:46:01,580 - INFO - Data split into train and test sets successfully.
2024-11-13 16:01:46,629 - INFO - Data split into train and test sets successfully.
2024-11-13 16:03:11,428 - INFO - Data split into train and test sets successfully.
2024-11-13 16:03:11,432 - INFO - Data split into train and test sets successfully.
2024-11-13 16:09:58,320 - INFO - Data split into train and test sets successfully.
2024-11-13 16:11:52,407 - INFO - Data split into train and test sets successfully.
2024-11-13 16:11:52,411 - INFO - Data split into train and test sets successfully.
